# JRE version: Java(TM) SE Runtime Environment (8.0_191-b12) (build 1.8.0_191-b12)
# Java VM: Java HotSpot(TM) 64-Bit Server VM (25.191-b12 mixed mode windows-amd64 compressed oops)
Heap:
 PSYoungGen      total 131584K, used 81483K [0x00000000d5f00000, 0x00000000df200000, 0x0000000100000000)
  eden space 115712K, 61% used [0x00000000d5f00000,0x00000000da506f60,0x00000000dd000000)
  from space 15872K, 61% used [0x00000000dd000000,0x00000000dd98c010,0x00000000ddf80000)
  to   space 14336K, 0% used [0x00000000ddf80000,0x00000000ddf80000,0x00000000ded80000)
 ParOldGen       total 93184K, used 30847K [0x0000000081c00000, 0x0000000087700000, 0x00000000d5f00000)
  object space 93184K, 33% used [0x0000000081c00000,0x0000000083a1fc30,0x0000000087700000)
 Metaspace       used 40907K, capacity 41674K, committed 41856K, reserved 1085440K
  class space    used 4998K, capacity 5214K, committed 5248K, reserved 1048576K
GC Heap History (10 events):
Event: 23.804 GC heap before
{Heap before GC invocations=19 (full 2):
 PSYoungGen      total 81408K, used 76064K [0x00000000d5f00000, 0x00000000dbc00000, 0x0000000100000000)
  eden space 72704K, 100% used [0x00000000d5f00000,0x00000000da600000,0x00000000da600000)
  from space 8704K, 38% used [0x00000000db380000,0x00000000db6c8000,0x00000000dbc00000)
  to   space 11264K, 0% used [0x00000000da600000,0x00000000da600000,0x00000000db100000)
 ParOldGen       total 93184K, used 20367K [0x0000000081c00000, 0x0000000087700000, 0x00000000d5f00000)
  object space 93184K, 21% used [0x0000000081c00000,0x0000000082fe3c30,0x0000000087700000)
 Metaspace       used 38501K, capacity 39306K, committed 39552K, reserved 1083392K
  class space    used 4748K, capacity 4958K, committed 4992K, reserved 1048576K
Event: 23.811 GC heap after
Heap after GC invocations=19 (full 2):
 PSYoungGen      total 83968K, used 8690K [0x00000000d5f00000, 0x00000000dcb80000, 0x0000000100000000)
  eden space 72704K, 0% used [0x00000000d5f00000,0x00000000d5f00000,0x00000000da600000)
  from space 11264K, 77% used [0x00000000da600000,0x00000000dae7c998,0x00000000db100000)
  to   space 11776K, 0% used [0x00000000dc000000,0x00000000dc000000,0x00000000dcb80000)
 ParOldGen       total 93184K, used 20375K [0x0000000081c00000, 0x0000000087700000, 0x00000000d5f00000)
  object space 93184K, 21% used [0x0000000081c00000,0x0000000082fe5c30,0x0000000087700000)
 Metaspace       used 38501K, capacity 39306K, committed 39552K, reserved 1083392K
  class space    used 4748K, capacity 4958K, committed 4992K, reserved 1048576K
}
Event: 23.959 GC heap before
{Heap before GC invocations=20 (full 2):
 PSYoungGen      total 83968K, used 81394K [0x00000000d5f00000, 0x00000000dcb80000, 0x0000000100000000)
  eden space 72704K, 100% used [0x00000000d5f00000,0x00000000da600000,0x00000000da600000)
  from space 11264K, 77% used [0x00000000da600000,0x00000000dae7c998,0x00000000db100000)
  to   space 11776K, 0% used [0x00000000dc000000,0x00000000dc000000,0x00000000dcb80000)
 ParOldGen       total 93184K, used 20375K [0x0000000081c00000, 0x0000000087700000, 0x00000000d5f00000)
  object space 93184K, 21% used [0x0000000081c00000,0x0000000082fe5c30,0x0000000087700000)
 Metaspace       used 38720K, capacity 39434K, committed 39552K, reserved 1083392K
  class space    used 4749K, capacity 4958K, committed 4992K, reserved 1048576K
Event: 23.970 GC heap after
Heap after GC invocations=20 (full 2):
 PSYoungGen      total 98304K, used 10240K [0x00000000d5f00000, 0x00000000dd580000, 0x0000000100000000)
  eden space 86528K, 0% used [0x00000000d5f00000,0x00000000d5f00000,0x00000000db380000)
  from space 11776K, 86% used [0x00000000dc000000,0x00000000dca00000,0x00000000dcb80000)
  to   space 12800K, 0% used [0x00000000db380000,0x00000000db380000,0x00000000dc000000)
 ParOldGen       total 93184K, used 20383K [0x0000000081c00000, 0x0000000087700000, 0x00000000d5f00000)
  object space 93184K, 21% used [0x0000000081c00000,0x0000000082fe7c30,0x0000000087700000)
 Metaspace       used 38720K, capacity 39434K, committed 39552K, reserved 1083392K
  class space    used 4749K, capacity 4958K, committed 4992K, reserved 1048576K
}
Event: 24.098 GC heap before
{Heap before GC invocations=21 (full 2):
 PSYoungGen      total 98304K, used 96768K [0x00000000d5f00000, 0x00000000dd580000, 0x0000000100000000)
  eden space 86528K, 100% used [0x00000000d5f00000,0x00000000db380000,0x00000000db380000)
  from space 11776K, 86% used [0x00000000dc000000,0x00000000dca00000,0x00000000dcb80000)
  to   space 12800K, 0% used [0x00000000db380000,0x00000000db380000,0x00000000dc000000)
 ParOldGen       total 93184K, used 20383K [0x0000000081c00000, 0x0000000087700000, 0x00000000d5f00000)
  object space 93184K, 21% used [0x0000000081c00000,0x0000000082fe7c30,0x0000000087700000)
 Metaspace       used 38787K, capacity 39498K, committed 39808K, reserved 1083392K
  class space    used 4756K, capacity 4958K, committed 4992K, reserved 1048576K
Event: 24.111 GC heap after
Heap after GC invocations=21 (full 2):
 PSYoungGen      total 99328K, used 12800K [0x00000000d5f00000, 0x00000000ded80000, 0x0000000100000000)
  eden space 86528K, 0% used [0x00000000d5f00000,0x00000000d5f00000,0x00000000db380000)
  from space 12800K, 100% used [0x00000000db380000,0x00000000dc000000,0x00000000dc000000)
  to   space 14336K, 0% used [0x00000000ddf80000,0x00000000ddf80000,0x00000000ded80000)
 ParOldGen       total 93184K, used 20791K [0x0000000081c00000, 0x0000000087700000, 0x00000000d5f00000)
  object space 93184K, 22% used [0x0000000081c00000,0x000000008304dc30,0x0000000087700000)
 Metaspace       used 38787K, capacity 39498K, committed 39808K, reserved 1083392K
  class space    used 4756K, capacity 4958K, committed 4992K, reserved 1048576K
}
Event: 24.207 GC heap before
{Heap before GC invocations=22 (full 2):
 PSYoungGen      total 99328K, used 99328K [0x00000000d5f00000, 0x00000000ded80000, 0x0000000100000000)
  eden space 86528K, 100% used [0x00000000d5f00000,0x00000000db380000,0x00000000db380000)
  from space 12800K, 100% used [0x00000000db380000,0x00000000dc000000,0x00000000dc000000)
  to   space 14336K, 0% used [0x00000000ddf80000,0x00000000ddf80000,0x00000000ded80000)
 ParOldGen       total 93184K, used 20791K [0x0000000081c00000, 0x0000000087700000, 0x00000000d5f00000)
  object space 93184K, 22% used [0x0000000081c00000,0x000000008304dc30,0x0000000087700000)
 Metaspace       used 38807K, capacity 39562K, committed 39808K, reserved 1083392K
  class space    used 4756K, capacity 4958K, committed 4992K, reserved 1048576K
Event: 24.221 GC heap after
Heap after GC invocations=22 (full 2):
 PSYoungGen      total 130048K, used 12592K [0x00000000d5f00000, 0x00000000df200000, 0x0000000100000000)
  eden space 115712K, 0% used [0x00000000d5f00000,0x00000000d5f00000,0x00000000dd000000)
  from space 14336K, 87% used [0x00000000ddf80000,0x00000000debcc010,0x00000000ded80000)
  to   space 15872K, 0% used [0x00000000dd000000,0x00000000dd000000,0x00000000ddf80000)
 ParOldGen       total 93184K, used 24023K [0x0000000081c00000, 0x0000000087700000, 0x00000000d5f00000)
  object space 93184K, 25% used [0x0000000081c00000,0x0000000083375c30,0x0000000087700000)
 Metaspace       used 38807K, capacity 39562K, committed 39808K, reserved 1083392K
  class space    used 4756K, capacity 4958K, committed 4992K, reserved 1048576K
}
Event: 24.343 GC heap before
{Heap before GC invocations=23 (full 2):
 PSYoungGen      total 130048K, used 128304K [0x00000000d5f00000, 0x00000000df200000, 0x0000000100000000)
  eden space 115712K, 100% used [0x00000000d5f00000,0x00000000dd000000,0x00000000dd000000)
  from space 14336K, 87% used [0x00000000ddf80000,0x00000000debcc010,0x00000000ded80000)
  to   space 15872K, 0% used [0x00000000dd000000,0x00000000dd000000,0x00000000ddf80000)
 ParOldGen       total 93184K, used 24023K [0x0000000081c00000, 0x0000000087700000, 0x00000000d5f00000)
  object space 93184K, 25% used [0x0000000081c00000,0x0000000083375c30,0x0000000087700000)
 Metaspace       used 38876K, capacity 39626K, committed 39808K, reserved 1083392K
  class space    used 4759K, capacity 4958K, committed 4992K, reserved 1048576K
Event: 24.358 GC heap after
Heap after GC invocations=23 (full 2):
 PSYoungGen      total 131584K, used 9776K [0x00000000d5f00000, 0x00000000df200000, 0x0000000100000000)
  eden space 115712K, 0% used [0x00000000d5f00000,0x00000000d5f00000,0x00000000dd000000)
  from space 15872K, 61% used [0x00000000dd000000,0x00000000dd98c010,0x00000000ddf80000)
  to   space 14336K, 0% used [0x00000000ddf80000,0x00000000ddf80000,0x00000000ded80000)
 ParOldGen       total 93184K, used 30847K [0x0000000081c00000, 0x0000000087700000, 0x00000000d5f00000)
  object space 93184K, 33% used [0x0000000081c00000,0x0000000083a1fc30,0x0000000087700000)
 Metaspace       used 38876K, capacity 39626K, committed 39808K, reserved 1083392K
  class space    used 4759K, capacity 4958K, committed 4992K, reserved 1048576K
}

